2015-04-19 14:20:43.290 finalApp[9480:288304] DiskCookieStorage changing policy from 2 to 0, cookie file: file:///Users/kariball/Library/Developer/CoreSimulator/Devices/52446430-A121-43D3-90D3-F9C7747A9640/data/Containers/Data/Application/470F56DD-5805-44CC-A97A-0F28E0A527B4/Library/Cookies/Cookies.binarycookies
2015-04-19 14:20:43.466 finalApp[9480:288304] Apache Cordova native platform version 3.8.0 is starting.
2015-04-19 14:20:43.466 finalApp[9480:288304] Multi-tasking -> Device: YES, App: YES
2015-04-19 14:20:43.473 finalApp[9480:288304] Unlimited access to network resources
2015-04-19 14:20:43.481 finalApp[9480:288304] 

Started backup to iCloud! Please be careful.
Your application might be rejected by Apple if you store too much data.
For more information please read "iOS Data Storage Guidelines" at:
https://developer.apple.com/icloud/documentation/data-storage/
To disable web storage backup to iCloud, set the BackupWebStorage preference to "local" in the Cordova config.xml file

2015-04-19 14:20:44.453 finalApp[9480:288304] Resetting plugins due to page load.
2015-04-19 14:20:45.791 finalApp[9480:288304] Finished load of: file:///Users/kariball/Library/Developer/CoreSimulator/Devices/52446430-A121-43D3-90D3-F9C7747A9640/data/Containers/Bundle/Application/CEA10C13-3F2A-4BFE-A792-0988A6C38533/finalApp.app/www/index.html#grid
2015-04-20 11:42:05.253 finalApp[13751:441255] DiskCookieStorage changing policy from 2 to 0, cookie file: file:///Users/kariball/Library/Developer/CoreSimulator/Devices/52446430-A121-43D3-90D3-F9C7747A9640/data/Containers/Data/Application/142C68BF-4882-47BD-9554-2E54E362EC60/Library/Cookies/Cookies.binarycookies
2015-04-20 11:42:05.430 finalApp[13751:441255] Apache Cordova native platform version 3.8.0 is starting.
2015-04-20 11:42:05.431 finalApp[13751:441255] Multi-tasking -> Device: YES, App: YES
2015-04-20 11:42:05.439 finalApp[13751:441255] Unlimited access to network resources
2015-04-20 11:42:05.445 finalApp[13751:441255] 

Started backup to iCloud! Please be careful.
Your application might be rejected by Apple if you store too much data.
For more information please read "iOS Data Storage Guidelines" at:
https://developer.apple.com/icloud/documentation/data-storage/
To disable web storage backup to iCloud, set the BackupWebStorage preference to "local" in the Cordova config.xml file

2015-04-20 11:42:05.940 finalApp[13751:441255] Resetting plugins due to page load.
2015-04-20 11:42:06.287 finalApp[13751:441255] Finished load of: file:///Users/kariball/Library/Developer/CoreSimulator/Devices/52446430-A121-43D3-90D3-F9C7747A9640/data/Containers/Bundle/Application/7D8B525E-B447-4272-821E-A0DDB4A6C483/finalApp.app/www/index.html
2015-04-20 11:42:23.454 finalApp[13751:441255] Resetting plugins due to page load.
2015-04-20 11:42:23.740 finalApp[13751:441255] Finished load of: file:///Users/kariball/Library/Developer/CoreSimulator/Devices/52446430-A121-43D3-90D3-F9C7747A9640/data/Containers/Bundle/Application/7D8B525E-B447-4272-821E-A0DDB4A6C483/finalApp.app/www/index.html
2015-04-20 11:42:28.087 finalApp[13751:441255] Resetting plugins due to page load.
2015-04-20 11:42:28.214 finalApp[13751:441255] Finished load of: file:///Users/kariball/Library/Developer/CoreSimulator/Devices/52446430-A121-43D3-90D3-F9C7747A9640/data/Containers/Bundle/Application/7D8B525E-B447-4272-821E-A0DDB4A6C483/finalApp.app/www/index.html
2015-04-20 11:42:28.655 finalApp[13751:441255] Resetting plugins due to page load.
2015-04-20 11:42:28.783 finalApp[13751:441255] Finished load of: file:///Users/kariball/Library/Developer/CoreSimulator/Devices/52446430-A121-43D3-90D3-F9C7747A9640/data/Containers/Bundle/Application/7D8B525E-B447-4272-821E-A0DDB4A6C483/finalApp.app/www/index.html
2015-04-20 11:42:28.815 finalApp[13751:441255] Resetting plugins due to page load.
2015-04-20 11:42:28.946 finalApp[13751:441255] Finished load of: file:///Users/kariball/Library/Developer/CoreSimulator/Devices/52446430-A121-43D3-90D3-F9C7747A9640/data/Containers/Bundle/Application/7D8B525E-B447-4272-821E-A0DDB4A6C483/finalApp.app/www/index.html
2015-04-20 11:42:28.967 finalApp[13751:441255] Resetting plugins due to page load.
2015-04-20 11:42:29.091 finalApp[13751:441255] Finished load of: file:///Users/kariball/Library/Developer/CoreSimulator/Devices/52446430-A121-43D3-90D3-F9C7747A9640/data/Containers/Bundle/Application/7D8B525E-B447-4272-821E-A0DDB4A6C483/finalApp.app/www/index.html
2015-04-20 11:42:29.107 finalApp[13751:441255] Resetting plugins due to page load.
2015-04-20 11:42:29.232 finalApp[13751:441255] Finished load of: file:///Users/kariball/Library/Developer/CoreSimulator/Devices/52446430-A121-43D3-90D3-F9C7747A9640/data/Containers/Bundle/Application/7D8B525E-B447-4272-821E-A0DDB4A6C483/finalApp.app/www/index.html
2015-04-20 11:42:29.243 finalApp[13751:441255] Resetting plugins due to page load.
2015-04-20 11:42:29.378 finalApp[13751:441255] Finished load of: file:///Users/kariball/Library/Developer/CoreSimulator/Devices/52446430-A121-43D3-90D3-F9C7747A9640/data/Containers/Bundle/Application/7D8B525E-B447-4272-821E-A0DDB4A6C483/finalApp.app/www/index.html
2015-04-20 11:42:29.382 finalApp[13751:441255] Resetting plugins due to page load.
2015-04-20 11:42:29.506 finalApp[13751:441255] Finished load of: file:///Users/kariball/Library/Developer/CoreSimulator/Devices/52446430-A121-43D3-90D3-F9C7747A9640/data/Containers/Bundle/Application/7D8B525E-B447-4272-821E-A0DDB4A6C483/finalApp.app/www/index.html
2015-04-20 11:42:29.520 finalApp[13751:441255] Resetting plugins due to page load.
2015-04-20 11:42:29.655 finalApp[13751:441255] Finished load of: file:///Users/kariball/Library/Developer/CoreSimulator/Devices/52446430-A121-43D3-90D3-F9C7747A9640/data/Containers/Bundle/Application/7D8B525E-B447-4272-821E-A0DDB4A6C483/finalApp.app/www/index.html
2015-04-20 11:44:46.046 finalApp[13751:443945] Terminating since there is no system app.
2015-04-20 11:45:00.635 finalApp[13889:444682] DiskCookieStorage changing policy from 2 to 0, cookie file: file:///Users/kariball/Library/Developer/CoreSimulator/Devices/52446430-A121-43D3-90D3-F9C7747A9640/data/Containers/Data/Application/99CF4933-36B2-4DCE-809B-3AAFB3FA185A/Library/Cookies/Cookies.binarycookies
2015-04-20 11:45:00.697 finalApp[13889:444682] Apache Cordova native platform version 3.8.0 is starting.
2015-04-20 11:45:00.697 finalApp[13889:444682] Multi-tasking -> Device: YES, App: YES
2015-04-20 11:45:00.698 finalApp[13889:444682] Unlimited access to network resources
2015-04-20 11:45:00.700 finalApp[13889:444682] 

Started backup to iCloud! Please be careful.
Your application might be rejected by Apple if you store too much data.
For more information please read "iOS Data Storage Guidelines" at:
https://developer.apple.com/icloud/documentation/data-storage/
To disable web storage backup to iCloud, set the BackupWebStorage preference to "local" in the Cordova config.xml file

2015-04-20 11:45:00.899 finalApp[13889:444682] Resetting plugins due to page load.
2015-04-20 11:45:01.231 finalApp[13889:444682] Finished load of: file:///Users/kariball/Library/Developer/CoreSimulator/Devices/52446430-A121-43D3-90D3-F9C7747A9640/data/Containers/Bundle/Application/F69FC220-BDD5-4ED4-A081-D039FCCEDF48/finalApp.app/www/index.html
2015-04-20 11:45:18.885 finalApp[13889:444682] Resetting plugins due to page load.
2015-04-20 11:45:19.175 finalApp[13889:444682] Finished load of: file:///Users/kariball/Library/Developer/CoreSimulator/Devices/52446430-A121-43D3-90D3-F9C7747A9640/data/Containers/Bundle/Application/F69FC220-BDD5-4ED4-A081-D039FCCEDF48/finalApp.app/www/index.html
2015-04-20 11:52:02.137 finalApp[14080:451537] DiskCookieStorage changing policy from 2 to 0, cookie file: file:///Users/kariball/Library/Developer/CoreSimulator/Devices/52446430-A121-43D3-90D3-F9C7747A9640/data/Containers/Data/Application/5A523D14-4764-46DD-8064-DD03D8FCD091/Library/Cookies/Cookies.binarycookies
2015-04-20 11:52:02.203 finalApp[14080:451537] Apache Cordova native platform version 3.8.0 is starting.
2015-04-20 11:52:02.203 finalApp[14080:451537] Multi-tasking -> Device: YES, App: YES
2015-04-20 11:52:02.204 finalApp[14080:451537] Unlimited access to network resources
2015-04-20 11:52:02.206 finalApp[14080:451537] 

Started backup to iCloud! Please be careful.
Your application might be rejected by Apple if you store too much data.
For more information please read "iOS Data Storage Guidelines" at:
https://developer.apple.com/icloud/documentation/data-storage/
To disable web storage backup to iCloud, set the BackupWebStorage preference to "local" in the Cordova config.xml file

2015-04-20 11:52:02.395 finalApp[14080:451537] Resetting plugins due to page load.
2015-04-20 11:52:02.737 finalApp[14080:451537] Finished load of: file:///Users/kariball/Library/Developer/CoreSimulator/Devices/52446430-A121-43D3-90D3-F9C7747A9640/data/Containers/Bundle/Application/7C502998-10DB-40A5-BDFD-C8F03A439BB0/finalApp.app/www/index.html
2015-04-20 11:52:17.599 finalApp[14080:451537] Resetting plugins due to page load.
2015-04-20 11:52:17.869 finalApp[14080:451537] Finished load of: file:///Users/kariball/Library/Developer/CoreSimulator/Devices/52446430-A121-43D3-90D3-F9C7747A9640/data/Containers/Bundle/Application/7C502998-10DB-40A5-BDFD-C8F03A439BB0/finalApp.app/www/index.html
2015-04-20 11:52:20.229 finalApp[14080:451537] Resetting plugins due to page load.
2015-04-20 11:52:20.359 finalApp[14080:451537] Finished load of: file:///Users/kariball/Library/Developer/CoreSimulator/Devices/52446430-A121-43D3-90D3-F9C7747A9640/data/Containers/Bundle/Application/7C502998-10DB-40A5-BDFD-C8F03A439BB0/finalApp.app/www/index.html
2015-04-20 11:52:20.709 finalApp[14080:451537] Resetting plugins due to page load.
2015-04-20 11:52:20.833 finalApp[14080:451537] Finished load of: file:///Users/kariball/Library/Developer/CoreSimulator/Devices/52446430-A121-43D3-90D3-F9C7747A9640/data/Containers/Bundle/Application/7C502998-10DB-40A5-BDFD-C8F03A439BB0/finalApp.app/www/index.html
2015-04-20 11:52:21.005 finalApp[14080:451537] Resetting plugins due to page load.
2015-04-20 11:52:21.128 finalApp[14080:451537] Finished load of: file:///Users/kariball/Library/Developer/CoreSimulator/Devices/52446430-A121-43D3-90D3-F9C7747A9640/data/Containers/Bundle/Application/7C502998-10DB-40A5-BDFD-C8F03A439BB0/finalApp.app/www/index.html
2015-04-20 12:12:29.393 finalApp[14385:472354] DiskCookieStorage changing policy from 2 to 0, cookie file: file:///Users/kariball/Library/Developer/CoreSimulator/Devices/52446430-A121-43D3-90D3-F9C7747A9640/data/Containers/Data/Application/9F18EEC8-0FB8-47B1-9508-A520C5158A17/Library/Cookies/Cookies.binarycookies
2015-04-20 12:12:29.457 finalApp[14385:472354] Apache Cordova native platform version 3.8.0 is starting.
2015-04-20 12:12:29.457 finalApp[14385:472354] Multi-tasking -> Device: YES, App: YES
2015-04-20 12:12:29.458 finalApp[14385:472354] Unlimited access to network resources
2015-04-20 12:12:29.460 finalApp[14385:472354] 

Started backup to iCloud! Please be careful.
Your application might be rejected by Apple if you store too much data.
For more information please read "iOS Data Storage Guidelines" at:
https://developer.apple.com/icloud/documentation/data-storage/
To disable web storage backup to iCloud, set the BackupWebStorage preference to "local" in the Cordova config.xml file

2015-04-20 12:12:29.665 finalApp[14385:472354] Resetting plugins due to page load.
2015-04-20 12:12:30.010 finalApp[14385:472354] Finished load of: file:///Users/kariball/Library/Developer/CoreSimulator/Devices/52446430-A121-43D3-90D3-F9C7747A9640/data/Containers/Bundle/Application/53B82FC5-3DD2-413C-8D73-704F1BE730BC/finalApp.app/www/index.html
2015-04-20 12:12:38.004 finalApp[14385:472354] Resetting plugins due to page load.
2015-04-20 12:12:38.196 finalApp[14385:472354] Finished load of: file:///Users/kariball/Library/Developer/CoreSimulator/Devices/52446430-A121-43D3-90D3-F9C7747A9640/data/Containers/Bundle/Application/53B82FC5-3DD2-413C-8D73-704F1BE730BC/finalApp.app/www/index.html
2015-04-20 12:12:39.953 finalApp[14385:472354] Resetting plugins due to page load.
2015-04-20 12:12:40.074 finalApp[14385:472354] Finished load of: file:///Users/kariball/Library/Developer/CoreSimulator/Devices/52446430-A121-43D3-90D3-F9C7747A9640/data/Containers/Bundle/Application/53B82FC5-3DD2-413C-8D73-704F1BE730BC/finalApp.app/www/index.html
2015-04-20 12:12:41.505 finalApp[14385:472354] Resetting plugins due to page load.
2015-04-20 12:12:41.629 finalApp[14385:472354] Finished load of: file:///Users/kariball/Library/Developer/CoreSimulator/Devices/52446430-A121-43D3-90D3-F9C7747A9640/data/Containers/Bundle/Application/53B82FC5-3DD2-413C-8D73-704F1BE730BC/finalApp.app/www/index.html
2015-04-20 12:13:26.916 finalApp[14385:473884] Terminating since there is no system app.
2015-04-20 12:33:25.451 finalApp[14644:499501] DiskCookieStorage changing policy from 2 to 0, cookie file: file:///Users/kariball/Library/Developer/CoreSimulator/Devices/52446430-A121-43D3-90D3-F9C7747A9640/data/Containers/Data/Application/49BF642A-C674-40BB-B628-840BC3B1AA19/Library/Cookies/Cookies.binarycookies
2015-04-20 12:33:25.522 finalApp[14644:499501] Apache Cordova native platform version 3.8.0 is starting.
2015-04-20 12:33:25.523 finalApp[14644:499501] Multi-tasking -> Device: YES, App: YES
2015-04-20 12:33:25.530 finalApp[14644:499501] Unlimited access to network resources
2015-04-20 12:33:25.532 finalApp[14644:499501] 

Started backup to iCloud! Please be careful.
Your application might be rejected by Apple if you store too much data.
For more information please read "iOS Data Storage Guidelines" at:
https://developer.apple.com/icloud/documentation/data-storage/
To disable web storage backup to iCloud, set the BackupWebStorage preference to "local" in the Cordova config.xml file

2015-04-20 12:33:25.792 finalApp[14644:499501] Resetting plugins due to page load.
2015-04-20 12:33:26.128 finalApp[14644:499501] Finished load of: file:///Users/kariball/Library/Developer/CoreSimulator/Devices/52446430-A121-43D3-90D3-F9C7747A9640/data/Containers/Bundle/Application/A2D3DB04-1992-44D8-BE19-7A104FF1E285/finalApp.app/www/index.html
2015-04-20 12:33:41.252 finalApp[14644:499501] Resetting plugins due to page load.
2015-04-20 12:33:41.552 finalApp[14644:499501] Finished load of: file:///Users/kariball/Library/Developer/CoreSimulator/Devices/52446430-A121-43D3-90D3-F9C7747A9640/data/Containers/Bundle/Application/A2D3DB04-1992-44D8-BE19-7A104FF1E285/finalApp.app/www/index.html#camera
2015-04-20 12:33:54.493 finalApp[14644:499501] CDVWebViewDelegate: Navigation started when state=1
2015-04-20 12:33:54.493 finalApp[14644:499501] Failed to load webpage with error: CDVWebViewDelegate: Navigation started when state=1
2015-04-20 12:33:55.112 finalApp[14644:499501] CDVWebViewDelegate: Navigation started when state=1
2015-04-20 12:33:55.112 finalApp[14644:499501] Failed to load webpage with error: CDVWebViewDelegate: Navigation started when state=1
2015-04-20 12:34:13.160 finalApp[14723:500874] DiskCookieStorage changing policy from 2 to 0, cookie file: file:///Users/kariball/Library/Developer/CoreSimulator/Devices/52446430-A121-43D3-90D3-F9C7747A9640/data/Containers/Data/Application/323F0129-EF25-4E80-929D-E874C6EB39DF/Library/Cookies/Cookies.binarycookies
2015-04-20 12:34:13.228 finalApp[14723:500874] Apache Cordova native platform version 3.8.0 is starting.
2015-04-20 12:34:13.228 finalApp[14723:500874] Multi-tasking -> Device: YES, App: YES
2015-04-20 12:34:13.230 finalApp[14723:500874] Unlimited access to network resources
2015-04-20 12:34:13.231 finalApp[14723:500874] 

Started backup to iCloud! Please be careful.
Your application might be rejected by Apple if you store too much data.
For more information please read "iOS Data Storage Guidelines" at:
https://developer.apple.com/icloud/documentation/data-storage/
To disable web storage backup to iCloud, set the BackupWebStorage preference to "local" in the Cordova config.xml file

2015-04-20 12:34:13.421 finalApp[14723:500874] Resetting plugins due to page load.
2015-04-20 12:34:13.858 finalApp[14723:500874] Finished load of: file:///Users/kariball/Library/Developer/CoreSimulator/Devices/52446430-A121-43D3-90D3-F9C7747A9640/data/Containers/Bundle/Application/E7888BA9-9CFB-4423-9617-CD5CC8138693/finalApp.app/www/index.html#grid
2015-04-20 12:43:12.683 finalApp[15096:504353] DiskCookieStorage changing policy from 2 to 0, cookie file: file:///Users/kariball/Library/Developer/CoreSimulator/Devices/52446430-A121-43D3-90D3-F9C7747A9640/data/Containers/Data/Application/5A6A96FB-9A29-4CF7-B77E-6C26621C0647/Library/Cookies/Cookies.binarycookies
2015-04-20 12:43:12.745 finalApp[15096:504353] Apache Cordova native platform version 3.8.0 is starting.
2015-04-20 12:43:12.745 finalApp[15096:504353] Multi-tasking -> Device: YES, App: YES
2015-04-20 12:43:12.746 finalApp[15096:504353] Unlimited access to network resources
2015-04-20 12:43:12.747 finalApp[15096:504353] 

Started backup to iCloud! Please be careful.
Your application might be rejected by Apple if you store too much data.
For more information please read "iOS Data Storage Guidelines" at:
https://developer.apple.com/icloud/documentation/data-storage/
To disable web storage backup to iCloud, set the BackupWebStorage preference to "local" in the Cordova config.xml file

2015-04-20 12:43:12.935 finalApp[15096:504353] Resetting plugins due to page load.
2015-04-20 12:43:13.368 finalApp[15096:504353] Finished load of: file:///Users/kariball/Library/Developer/CoreSimulator/Devices/52446430-A121-43D3-90D3-F9C7747A9640/data/Containers/Bundle/Application/90089CDD-790D-4E45-A0EF-75EF35574602/finalApp.app/www/index.html
2015-04-20 12:44:02.139 finalApp[15234:505155] DiskCookieStorage changing policy from 2 to 0, cookie file: file:///Users/kariball/Library/Developer/CoreSimulator/Devices/52446430-A121-43D3-90D3-F9C7747A9640/data/Containers/Data/Application/9BE16378-02DB-401C-A3B4-FBA4774139BF/Library/Cookies/Cookies.binarycookies
2015-04-20 12:44:02.201 finalApp[15234:505155] Apache Cordova native platform version 3.8.0 is starting.
2015-04-20 12:44:02.202 finalApp[15234:505155] Multi-tasking -> Device: YES, App: YES
2015-04-20 12:44:02.203 finalApp[15234:505155] Unlimited access to network resources
2015-04-20 12:44:02.204 finalApp[15234:505155] 

Started backup to iCloud! Please be careful.
Your application might be rejected by Apple if you store too much data.
For more information please read "iOS Data Storage Guidelines" at:
https://developer.apple.com/icloud/documentation/data-storage/
To disable web storage backup to iCloud, set the BackupWebStorage preference to "local" in the Cordova config.xml file

2015-04-20 12:44:02.391 finalApp[15234:505155] Resetting plugins due to page load.
2015-04-20 12:44:02.747 finalApp[15234:505155] Finished load of: file:///Users/kariball/Library/Developer/CoreSimulator/Devices/52446430-A121-43D3-90D3-F9C7747A9640/data/Containers/Bundle/Application/47D5D3E5-51A9-4449-98C5-65C84FD25995/finalApp.app/www/index.html
2015-04-20 12:44:58.592 finalApp[15318:506227] DiskCookieStorage changing policy from 2 to 0, cookie file: file:///Users/kariball/Library/Developer/CoreSimulator/Devices/52446430-A121-43D3-90D3-F9C7747A9640/data/Containers/Data/Application/C1ADB306-DF45-428C-900E-8AF5D500D729/Library/Cookies/Cookies.binarycookies
2015-04-20 12:44:58.654 finalApp[15318:506227] Apache Cordova native platform version 3.8.0 is starting.
2015-04-20 12:44:58.654 finalApp[15318:506227] Multi-tasking -> Device: YES, App: YES
2015-04-20 12:44:58.655 finalApp[15318:506227] Unlimited access to network resources
2015-04-20 12:44:58.657 finalApp[15318:506227] 

Started backup to iCloud! Please be careful.
Your application might be rejected by Apple if you store too much data.
For more information please read "iOS Data Storage Guidelines" at:
https://developer.apple.com/icloud/documentation/data-storage/
To disable web storage backup to iCloud, set the BackupWebStorage preference to "local" in the Cordova config.xml file

2015-04-20 12:44:58.844 finalApp[15318:506227] Resetting plugins due to page load.
2015-04-20 12:44:59.343 finalApp[15318:506227] Finished load of: file:///Users/kariball/Library/Developer/CoreSimulator/Devices/52446430-A121-43D3-90D3-F9C7747A9640/data/Containers/Bundle/Application/BB470C0B-9342-40BE-BD04-132D512B6955/finalApp.app/www/index.html
2015-04-20 12:47:29.989 finalApp[15403:508103] DiskCookieStorage changing policy from 2 to 0, cookie file: file:///Users/kariball/Library/Developer/CoreSimulator/Devices/52446430-A121-43D3-90D3-F9C7747A9640/data/Containers/Data/Application/6F9CC613-157B-435C-983D-DB09FB3C1E0C/Library/Cookies/Cookies.binarycookies
2015-04-20 12:47:30.051 finalApp[15403:508103] Apache Cordova native platform version 3.8.0 is starting.
2015-04-20 12:47:30.051 finalApp[15403:508103] Multi-tasking -> Device: YES, App: YES
2015-04-20 12:47:30.052 finalApp[15403:508103] Unlimited access to network resources
2015-04-20 12:47:30.054 finalApp[15403:508103] 

Started backup to iCloud! Please be careful.
Your application might be rejected by Apple if you store too much data.
For more information please read "iOS Data Storage Guidelines" at:
https://developer.apple.com/icloud/documentation/data-storage/
To disable web storage backup to iCloud, set the BackupWebStorage preference to "local" in the Cordova config.xml file

2015-04-20 12:47:30.252 finalApp[15403:508103] Resetting plugins due to page load.
2015-04-20 12:47:30.573 finalApp[15403:508103] Finished load of: file:///Users/kariball/Library/Developer/CoreSimulator/Devices/52446430-A121-43D3-90D3-F9C7747A9640/data/Containers/Bundle/Application/9F6046C2-3F13-4C0D-84AF-4EDAD69F0388/finalApp.app/www/index.html
2015-04-20 12:47:30.587 finalApp[15403:508103] working 2
2015-04-20 12:47:30.588 finalApp[15403:508103] working 3
2015-04-20 12:47:42.456 finalApp[15403:508103] working 2
2015-04-20 12:47:42.456 finalApp[15403:508103] working 3
2015-04-20 12:48:10.438 finalApp[15480:509412] DiskCookieStorage changing policy from 2 to 0, cookie file: file:///Users/kariball/Library/Developer/CoreSimulator/Devices/52446430-A121-43D3-90D3-F9C7747A9640/data/Containers/Data/Application/7242A6E3-C466-4B4A-9648-13049D1D0688/Library/Cookies/Cookies.binarycookies
2015-04-20 12:48:10.500 finalApp[15480:509412] Apache Cordova native platform version 3.8.0 is starting.
2015-04-20 12:48:10.501 finalApp[15480:509412] Multi-tasking -> Device: YES, App: YES
2015-04-20 12:48:10.501 finalApp[15480:509412] Unlimited access to network resources
2015-04-20 12:48:10.503 finalApp[15480:509412] 

Started backup to iCloud! Please be careful.
Your application might be rejected by Apple if you store too much data.
For more information please read "iOS Data Storage Guidelines" at:
https://developer.apple.com/icloud/documentation/data-storage/
To disable web storage backup to iCloud, set the BackupWebStorage preference to "local" in the Cordova config.xml file

2015-04-20 12:48:10.698 finalApp[15480:509412] Resetting plugins due to page load.
2015-04-20 12:48:11.100 finalApp[15480:509412] Finished load of: file:///Users/kariball/Library/Developer/CoreSimulator/Devices/52446430-A121-43D3-90D3-F9C7747A9640/data/Containers/Bundle/Application/92AAB41B-2440-46DC-8639-87A17F466C13/finalApp.app/www/index.html
2015-04-20 12:48:11.113 finalApp[15480:509412] working 2
2015-04-20 12:48:11.113 finalApp[15480:509412] working 3
2015-04-20 12:48:21.960 finalApp[15480:509412] working 2
2015-04-20 12:48:21.960 finalApp[15480:509412] working 3
2015-04-20 12:55:00.561 finalApp[15589:513998] DiskCookieStorage changing policy from 2 to 0, cookie file: file:///Users/kariball/Library/Developer/CoreSimulator/Devices/52446430-A121-43D3-90D3-F9C7747A9640/data/Containers/Data/Application/901F43DD-CF6D-4A2F-A047-ADFE618AE9F7/Library/Cookies/Cookies.binarycookies
2015-04-20 12:55:00.623 finalApp[15589:513998] Apache Cordova native platform version 3.8.0 is starting.
2015-04-20 12:55:00.623 finalApp[15589:513998] Multi-tasking -> Device: YES, App: YES
2015-04-20 12:55:00.624 finalApp[15589:513998] Unlimited access to network resources
2015-04-20 12:55:00.626 finalApp[15589:513998] 

Started backup to iCloud! Please be careful.
Your application might be rejected by Apple if you store too much data.
For more information please read "iOS Data Storage Guidelines" at:
https://developer.apple.com/icloud/documentation/data-storage/
To disable web storage backup to iCloud, set the BackupWebStorage preference to "local" in the Cordova config.xml file

2015-04-20 12:55:00.820 finalApp[15589:513998] Resetting plugins due to page load.
2015-04-20 12:55:01.148 finalApp[15589:513998] Finished load of: file:///Users/kariball/Library/Developer/CoreSimulator/Devices/52446430-A121-43D3-90D3-F9C7747A9640/data/Containers/Bundle/Application/DC03D502-3FDF-4BF3-940B-8140078E0143/finalApp.app/www/index.html
2015-04-20 12:55:01.161 finalApp[15589:513998] working 2
2015-04-20 12:55:01.161 finalApp[15589:513998] working 3
2015-04-20 13:23:54.863 finalApp[15953:527451] DiskCookieStorage changing policy from 2 to 0, cookie file: file:///Users/kariball/Library/Developer/CoreSimulator/Devices/52446430-A121-43D3-90D3-F9C7747A9640/data/Containers/Data/Application/DDE2CDC8-BB87-4671-B6F4-A9E7DAFC5723/Library/Cookies/Cookies.binarycookies
2015-04-20 13:23:54.932 finalApp[15953:527451] Apache Cordova native platform version 3.8.0 is starting.
2015-04-20 13:23:54.932 finalApp[15953:527451] Multi-tasking -> Device: YES, App: YES
2015-04-20 13:23:54.933 finalApp[15953:527451] Unlimited access to network resources
2015-04-20 13:23:54.935 finalApp[15953:527451] 

Started backup to iCloud! Please be careful.
Your application might be rejected by Apple if you store too much data.
For more information please read "iOS Data Storage Guidelines" at:
https://developer.apple.com/icloud/documentation/data-storage/
To disable web storage backup to iCloud, set the BackupWebStorage preference to "local" in the Cordova config.xml file

2015-04-20 13:23:55.138 finalApp[15953:527451] Resetting plugins due to page load.
2015-04-20 13:23:55.477 finalApp[15953:527451] Finished load of: file:///Users/kariball/Library/Developer/CoreSimulator/Devices/52446430-A121-43D3-90D3-F9C7747A9640/data/Containers/Bundle/Application/2425FAA2-C0FB-42AB-B324-9FBD5BD3483C/finalApp.app/www/index.html
2015-04-20 13:23:59.915 finalApp[15953:527451] CDVWebViewDelegate: Navigation started when state=1
2015-04-20 13:23:59.915 finalApp[15953:527451] Failed to load webpage with error: CDVWebViewDelegate: Navigation started when state=1
2015-04-20 13:24:06.797 finalApp[15953:527451] Resetting plugins due to page load.
2015-04-20 13:24:07.171 finalApp[15953:527451] Finished load of: file:///Users/kariball/Library/Developer/CoreSimulator/Devices/52446430-A121-43D3-90D3-F9C7747A9640/data/Containers/Bundle/Application/2425FAA2-C0FB-42AB-B324-9FBD5BD3483C/finalApp.app/www/index.html#camera
2015-04-20 13:30:12.810 finalApp[16055:530747] DiskCookieStorage changing policy from 2 to 0, cookie file: file:///Users/kariball/Library/Developer/CoreSimulator/Devices/52446430-A121-43D3-90D3-F9C7747A9640/data/Containers/Data/Application/8AF930F2-0DAA-4A06-848B-671F4AFF63A6/Library/Cookies/Cookies.binarycookies
2015-04-20 13:30:12.872 finalApp[16055:530747] Apache Cordova native platform version 3.8.0 is starting.
2015-04-20 13:30:12.872 finalApp[16055:530747] Multi-tasking -> Device: YES, App: YES
2015-04-20 13:30:12.873 finalApp[16055:530747] Unlimited access to network resources
2015-04-20 13:30:12.874 finalApp[16055:530747] 

Started backup to iCloud! Please be careful.
Your application might be rejected by Apple if you store too much data.
For more information please read "iOS Data Storage Guidelines" at:
https://developer.apple.com/icloud/documentation/data-storage/
To disable web storage backup to iCloud, set the BackupWebStorage preference to "local" in the Cordova config.xml file

2015-04-20 13:30:13.055 finalApp[16055:530747] Resetting plugins due to page load.
2015-04-20 13:30:13.371 finalApp[16055:530747] Finished load of: file:///Users/kariball/Library/Developer/CoreSimulator/Devices/52446430-A121-43D3-90D3-F9C7747A9640/data/Containers/Bundle/Application/2B62914F-E66E-4D3E-94D7-5D3D59CB002B/finalApp.app/www/index.html
2015-04-20 13:30:13.386 finalApp[16055:530747] working 2
2015-04-20 13:30:13.387 finalApp[16055:530747] working 3
2015-04-20 13:30:18.334 finalApp[16055:530784] Camera.getPicture: source type 1 not available.
2015-04-20 13:30:18.336 finalApp[16055:530747] Failed because: No camera available
2015-04-20 13:30:30.776 finalApp[16055:530747] working 2
2015-04-20 13:30:30.776 finalApp[16055:530747] working 3
2015-04-20 13:31:09.200 finalApp[16138:532039] DiskCookieStorage changing policy from 2 to 0, cookie file: file:///Users/kariball/Library/Developer/CoreSimulator/Devices/52446430-A121-43D3-90D3-F9C7747A9640/data/Containers/Data/Application/AD55ACA5-89C2-4BA2-8F05-E76F87C072AA/Library/Cookies/Cookies.binarycookies
2015-04-20 13:31:09.262 finalApp[16138:532039] Apache Cordova native platform version 3.8.0 is starting.
2015-04-20 13:31:09.262 finalApp[16138:532039] Multi-tasking -> Device: YES, App: YES
2015-04-20 13:31:09.263 finalApp[16138:532039] Unlimited access to network resources
2015-04-20 13:31:09.265 finalApp[16138:532039] 

Started backup to iCloud! Please be careful.
Your application might be rejected by Apple if you store too much data.
For more information please read "iOS Data Storage Guidelines" at:
https://developer.apple.com/icloud/documentation/data-storage/
To disable web storage backup to iCloud, set the BackupWebStorage preference to "local" in the Cordova config.xml file

2015-04-20 13:31:09.461 finalApp[16138:532039] Resetting plugins due to page load.
2015-04-20 13:31:09.713 finalApp[16138:532039] Finished load of: file:///Users/kariball/Library/Developer/CoreSimulator/Devices/52446430-A121-43D3-90D3-F9C7747A9640/data/Containers/Bundle/Application/5C3FF202-9CAD-4BC7-9441-24AEF1103E3A/finalApp.app/www/index.html
2015-04-20 13:31:09.734 finalApp[16138:532039] working 2
2015-04-20 13:31:09.734 finalApp[16138:532039] working 3
2015-04-20 13:31:21.152 finalApp[16255:532770] DiskCookieStorage changing policy from 2 to 0, cookie file: file:///Users/kariball/Library/Developer/CoreSimulator/Devices/52446430-A121-43D3-90D3-F9C7747A9640/data/Containers/Data/Application/511B7484-9A2A-4CEF-BF89-EA155B146659/Library/Cookies/Cookies.binarycookies
2015-04-20 13:31:21.216 finalApp[16255:532770] Apache Cordova native platform version 3.8.0 is starting.
2015-04-20 13:31:21.216 finalApp[16255:532770] Multi-tasking -> Device: YES, App: YES
2015-04-20 13:31:21.217 finalApp[16255:532770] Unlimited access to network resources
2015-04-20 13:31:21.218 finalApp[16255:532770] 

Started backup to iCloud! Please be careful.
Your application might be rejected by Apple if you store too much data.
For more information please read "iOS Data Storage Guidelines" at:
https://developer.apple.com/icloud/documentation/data-storage/
To disable web storage backup to iCloud, set the BackupWebStorage preference to "local" in the Cordova config.xml file

2015-04-20 13:31:21.420 finalApp[16255:532770] Resetting plugins due to page load.
2015-04-20 13:31:21.716 finalApp[16255:532770] Finished load of: file:///Users/kariball/Library/Developer/CoreSimulator/Devices/52446430-A121-43D3-90D3-F9C7747A9640/data/Containers/Bundle/Application/5845D938-A58D-402C-8261-4C185ABFF2F2/finalApp.app/www/index.html
2015-04-20 13:31:21.730 finalApp[16255:532770] working 2
2015-04-20 13:31:21.730 finalApp[16255:532770] working 3
2015-04-20 18:48:11.018 finalApp[17886:635871] DiskCookieStorage changing policy from 2 to 0, cookie file: file:///Users/kariball/Library/Developer/CoreSimulator/Devices/52446430-A121-43D3-90D3-F9C7747A9640/data/Containers/Data/Application/1E099876-87AA-4238-97B3-1DED744BDB9E/Library/Cookies/Cookies.binarycookies
2015-04-20 18:48:11.181 finalApp[17886:635871] Apache Cordova native platform version 3.8.0 is starting.
2015-04-20 18:48:11.182 finalApp[17886:635871] Multi-tasking -> Device: YES, App: YES
2015-04-20 18:48:11.189 finalApp[17886:635871] Unlimited access to network resources
2015-04-20 18:48:11.196 finalApp[17886:635871] 

Started backup to iCloud! Please be careful.
Your application might be rejected by Apple if you store too much data.
For more information please read "iOS Data Storage Guidelines" at:
https://developer.apple.com/icloud/documentation/data-storage/
To disable web storage backup to iCloud, set the BackupWebStorage preference to "local" in the Cordova config.xml file

2015-04-20 18:48:11.681 finalApp[17886:635871] Resetting plugins due to page load.
2015-04-20 18:48:12.204 finalApp[17886:635871] Finished load of: file:///Users/kariball/Library/Developer/CoreSimulator/Devices/52446430-A121-43D3-90D3-F9C7747A9640/data/Containers/Bundle/Application/BB583B67-2C5A-413E-BCF1-E9A5AC006D4C/finalApp.app/www/index.html
2015-04-20 18:48:12.223 finalApp[17886:635871] working 2
2015-04-20 18:48:12.223 finalApp[17886:635871] F4F332E3-ADFF-4736-9BE7-51ED2AB9DC4A
2015-04-20 18:48:12.223 finalApp[17886:635871] working 3
2015-04-20 18:48:17.696 finalApp[17886:635871] Resetting plugins due to page load.
2015-04-20 18:48:17.714 finalApp[17886:635871] Finished load of: file:///Users/kariball/Library/Developer/CoreSimulator/Devices/52446430-A121-43D3-90D3-F9C7747A9640/data/Containers/Bundle/Application/BB583B67-2C5A-413E-BCF1-E9A5AC006D4C/finalApp.app/www/index.html?option=bottom#grid
2015-04-20 18:48:17.726 finalApp[17886:635871] working 2
2015-04-20 18:48:17.726 finalApp[17886:635871] F4F332E3-ADFF-4736-9BE7-51ED2AB9DC4A
2015-04-20 18:48:17.726 finalApp[17886:635871] working 3
